[0.022s] Invoking command in '/home/gruen/Desktop/Mobile-Platform/software/build/robot_simulation': CMAKE_PREFIX_PATH=${CMAKE_PREFIX_PATH}:/opt/ros/jazzy DEBUGINFOD_URLS=https://debuginfod.ubuntu.com /usr/bin/cmake /home/gruen/Desktop/Mobile-Platform/software/src/robot_simulation -DAMENT_CMAKE_SYMLINK_INSTALL=1 -DCMAKE_INSTALL_PREFIX=/home/gruen/Desktop/Mobile-Platform/software/install/robot_simulation
[0.193s] -- The C compiler identification is GNU 13.3.0
[0.323s] -- The CXX compiler identification is GNU 13.3.0
[0.350s] -- Detecting C compiler ABI info
[0.488s] -- Detecting C compiler ABI info - done
[0.499s] -- Check for working C compiler: /usr/bin/cc - skipped
[0.500s] -- Detecting C compile features
[0.501s] -- Detecting C compile features - done
[0.514s] -- Detecting CXX compiler ABI info
[0.646s] -- Detecting CXX compiler ABI info - done
[0.662s] -- Check for working CXX compiler: /usr/bin/c++ - skipped
[0.663s] -- Detecting CXX compile features
[0.664s] -- Detecting CXX compile features - done
[0.668s] -- Found ament_cmake: 2.5.5 (/opt/ros/jazzy/share/ament_cmake/cmake)
[0.878s] -- Found Python3: /usr/bin/python3 (found version "3.12.3") found components: Interpreter 
[0.991s] -- Override CMake install command with custom implementation using symlinks instead of copying resources
[1.065s] -- Found ament_lint_auto: 0.17.4 (/opt/ros/jazzy/share/ament_lint_auto/cmake)
[1.222s] -- Added test 'lint_cmake' to check CMake code style
[1.224s] -- Added test 'xmllint' to check XML markup files
[1.227s] -- Configuring done (1.2s)
[1.230s] -- Generating done (0.0s)
[1.234s] -- Build files have been written to: /home/gruen/Desktop/Mobile-Platform/software/build/robot_simulation
[1.246s] Invoked command in '/home/gruen/Desktop/Mobile-Platform/software/build/robot_simulation' returned '0': CMAKE_PREFIX_PATH=${CMAKE_PREFIX_PATH}:/opt/ros/jazzy DEBUGINFOD_URLS=https://debuginfod.ubuntu.com /usr/bin/cmake /home/gruen/Desktop/Mobile-Platform/software/src/robot_simulation -DAMENT_CMAKE_SYMLINK_INSTALL=1 -DCMAKE_INSTALL_PREFIX=/home/gruen/Desktop/Mobile-Platform/software/install/robot_simulation
[1.247s] Invoking command in '/home/gruen/Desktop/Mobile-Platform/software/build/robot_simulation': CMAKE_PREFIX_PATH=${CMAKE_PREFIX_PATH}:/opt/ros/jazzy DEBUGINFOD_URLS=https://debuginfod.ubuntu.com /usr/bin/cmake --build /home/gruen/Desktop/Mobile-Platform/software/build/robot_simulation -- -j24 -l24
[1.315s] Invoked command in '/home/gruen/Desktop/Mobile-Platform/software/build/robot_simulation' returned '0': CMAKE_PREFIX_PATH=${CMAKE_PREFIX_PATH}:/opt/ros/jazzy DEBUGINFOD_URLS=https://debuginfod.ubuntu.com /usr/bin/cmake --build /home/gruen/Desktop/Mobile-Platform/software/build/robot_simulation -- -j24 -l24
[1.316s] Invoking command in '/home/gruen/Desktop/Mobile-Platform/software/build/robot_simulation': CMAKE_PREFIX_PATH=${CMAKE_PREFIX_PATH}:/opt/ros/jazzy DEBUGINFOD_URLS=https://debuginfod.ubuntu.com /usr/bin/cmake --install /home/gruen/Desktop/Mobile-Platform/software/build/robot_simulation
[1.326s] -- Install configuration: ""
[1.327s] -- Execute custom install script
[1.327s] -- Symlinking: /home/gruen/Desktop/Mobile-Platform/software/install/robot_simulation/share/ament_index/resource_index/package_run_dependencies/robot_simulation
[1.340s] -- Symlinking: /home/gruen/Desktop/Mobile-Platform/software/install/robot_simulation/share/ament_index/resource_index/parent_prefix_path/robot_simulation
[1.350s] -- Symlinking: /home/gruen/Desktop/Mobile-Platform/software/install/robot_simulation/share/robot_simulation/environment/ament_prefix_path.sh
[1.361s] -- Symlinking: /home/gruen/Desktop/Mobile-Platform/software/install/robot_simulation/share/robot_simulation/environment/ament_prefix_path.dsv
[1.370s] -- Symlinking: /home/gruen/Desktop/Mobile-Platform/software/install/robot_simulation/share/robot_simulation/environment/path.sh
[1.382s] -- Symlinking: /home/gruen/Desktop/Mobile-Platform/software/install/robot_simulation/share/robot_simulation/environment/path.dsv
[1.395s] -- Symlinking: /home/gruen/Desktop/Mobile-Platform/software/install/robot_simulation/share/robot_simulation/local_setup.bash
[1.404s] -- Symlinking: /home/gruen/Desktop/Mobile-Platform/software/install/robot_simulation/share/robot_simulation/local_setup.sh
[1.416s] -- Symlinking: /home/gruen/Desktop/Mobile-Platform/software/install/robot_simulation/share/robot_simulation/local_setup.zsh
[1.426s] -- Symlinking: /home/gruen/Desktop/Mobile-Platform/software/install/robot_simulation/share/robot_simulation/local_setup.dsv
[1.440s] -- Symlinking: /home/gruen/Desktop/Mobile-Platform/software/install/robot_simulation/share/robot_simulation/package.dsv
[1.453s] -- Symlinking: /home/gruen/Desktop/Mobile-Platform/software/install/robot_simulation/share/ament_index/resource_index/packages/robot_simulation
[1.466s] -- Symlinking: /home/gruen/Desktop/Mobile-Platform/software/install/robot_simulation/share/robot_simulation/cmake/robot_simulationConfig.cmake
[1.478s] -- Symlinking: /home/gruen/Desktop/Mobile-Platform/software/install/robot_simulation/share/robot_simulation/cmake/robot_simulationConfig-version.cmake
[1.491s] -- Symlinking: /home/gruen/Desktop/Mobile-Platform/software/install/robot_simulation/share/robot_simulation/package.xml
[1.531s] Invoked command in '/home/gruen/Desktop/Mobile-Platform/software/build/robot_simulation' returned '0': CMAKE_PREFIX_PATH=${CMAKE_PREFIX_PATH}:/opt/ros/jazzy DEBUGINFOD_URLS=https://debuginfod.ubuntu.com /usr/bin/cmake --install /home/gruen/Desktop/Mobile-Platform/software/build/robot_simulation
