Solid Edge in 3MF konvertieren
Datum: Thursday,May 28,2026 11:45PM
Ausgabedatei: C:\Users\Gruen\git_projects\Mobile-Platform\3d-print\Base_plate_v1.3mf
Autor: Unknown
Organisation: Unknown
Ausgangssystem: SOLID EDGE

Hardware:
Prozessor: AMD Ryzen 9 7900X3D 12-Core Processor          
Betriebssystem: Windows 10 Professional
Installierter Speicher: 31.20 GB

Software-Informationen:
Parasolid-Version: 38.0.150
PSBodyshop-Version: 38.0.111
3MF-Adapterversion: 1700.0.0
Solid Edge-Version: 226.00.01.004 x64

3MF-Exportoptionen
Konstruktionsvolumen exportieren: Aus
Angezeigte Teile exportieren: Aus
Protokollierung aktivieren:Ein
AllowInvalid3mfObjects:Aus
Reduzierte Baugruppe exportieren:On
Einheiten exportieren:Millimeters
Toleranzwert exportieren:0.001000
Toleranztyp exportieren:Custom
Flächenplanwinkelwert exportieren:0.017453
Autor exportieren:Unknown
Beschreibung exportieren:Unknown
Organisation exportieren:Unknown
Programmname exportieren:Unknown

Konvertierungsfortschritt:
Phase 1 von 1 - Parasolid in Fremddatentypen konvertieren...
Konvertierungsvorgang ist abgeschlossen
Zum Konvertieren benötigte Zeit:00 : 00 : 00
