[0.026s] Invoking command in '/home/gruen/Desktop/Mobile-Platform/software/build/robot_control': CMAKE_PREFIX_PATH=${CMAKE_PREFIX_PATH}:/opt/ros/jazzy DEBUGINFOD_URLS=https://debuginfod.ubuntu.com /usr/bin/cmake /home/gruen/Desktop/Mobile-Platform/software/src/robot_control -DAMENT_CMAKE_SYMLINK_INSTALL=1 -DCMAKE_INSTALL_PREFIX=/home/gruen/Desktop/Mobile-Platform/software/install/robot_control
[0.203s] -- The C compiler identification is GNU 13.3.0
[0.337s] -- The CXX compiler identification is GNU 13.3.0
[0.362s] -- Detecting C compiler ABI info
[0.502s] -- Detecting C compiler ABI info - done
[0.513s] -- Check for working C compiler: /usr/bin/cc - skipped
[0.513s] -- Detecting C compile features
[0.514s] -- Detecting C compile features - done
[0.527s] -- Detecting CXX compiler ABI info
[0.653s] -- Detecting CXX compiler ABI info - done
[0.664s] -- Check for working CXX compiler: /usr/bin/c++ - skipped
[0.665s] -- Detecting CXX compile features
[0.665s] -- Detecting CXX compile features - done
[0.677s] -- Found ament_cmake: 2.5.5 (/opt/ros/jazzy/share/ament_cmake/cmake)
[0.908s] -- Found Python3: /usr/bin/python3 (found version "3.12.3") found components: Interpreter 
[1.011s] -- Override CMake install command with custom implementation using symlinks instead of copying resources
[1.074s] -- Found rclcpp: 28.1.16 (/opt/ros/jazzy/share/rclcpp/cmake)
[1.153s] -- Found rosidl_generator_c: 4.6.7 (/opt/ros/jazzy/share/rosidl_generator_c/cmake)
[1.177s] -- Found rosidl_generator_cpp: 4.6.7 (/opt/ros/jazzy/share/rosidl_generator_cpp/cmake)
[1.208s] -- Using all available rosidl_typesupport_c: rosidl_typesupport_fastrtps_c;rosidl_typesupport_introspection_c
[1.246s] -- Using all available rosidl_typesupport_cpp: rosidl_typesupport_fastrtps_cpp;rosidl_typesupport_introspection_cpp
[1.389s] -- Found rmw_implementation_cmake: 7.3.3 (/opt/ros/jazzy/share/rmw_implementation_cmake/cmake)
[1.395s] -- Found rmw_fastrtps_cpp: 8.4.3 (/opt/ros/jazzy/share/rmw_fastrtps_cpp/cmake)
[1.536s] -- Found OpenSSL: /usr/lib/x86_64-linux-gnu/libcrypto.so (found version "3.0.13")  
[1.577s] -- Found FastRTPS: /opt/ros/jazzy/include (Required is at least version "2.13") 
[1.619s] -- Using RMW implementation 'rmw_fastrtps_cpp' as default
[1.742s] -- Found geometry_msgs: 5.3.6 (/opt/ros/jazzy/share/geometry_msgs/cmake)
[1.787s] -- Found nav_msgs: 5.3.6 (/opt/ros/jazzy/share/nav_msgs/cmake)
[1.823s] -- Found sensor_msgs: 5.3.6 (/opt/ros/jazzy/share/sensor_msgs/cmake)
[1.848s] -- Found ament_lint_auto: 0.17.4 (/opt/ros/jazzy/share/ament_lint_auto/cmake)
[1.938s] -- Added test 'lint_cmake' to check CMake code style
[1.938s] -- Added test 'xmllint' to check XML markup files
[1.940s] -- Configuring done (1.9s)
[1.942s] -- Generating done (0.0s)
[1.944s] -- Build files have been written to: /home/gruen/Desktop/Mobile-Platform/software/build/robot_control
[1.953s] Invoked command in '/home/gruen/Desktop/Mobile-Platform/software/build/robot_control' returned '0': CMAKE_PREFIX_PATH=${CMAKE_PREFIX_PATH}:/opt/ros/jazzy DEBUGINFOD_URLS=https://debuginfod.ubuntu.com /usr/bin/cmake /home/gruen/Desktop/Mobile-Platform/software/src/robot_control -DAMENT_CMAKE_SYMLINK_INSTALL=1 -DCMAKE_INSTALL_PREFIX=/home/gruen/Desktop/Mobile-Platform/software/install/robot_control
[1.955s] Invoking command in '/home/gruen/Desktop/Mobile-Platform/software/build/robot_control': CMAKE_PREFIX_PATH=${CMAKE_PREFIX_PATH}:/opt/ros/jazzy DEBUGINFOD_URLS=https://debuginfod.ubuntu.com /usr/bin/cmake --build /home/gruen/Desktop/Mobile-Platform/software/build/robot_control -- -j24 -l24
[1.996s] Invoked command in '/home/gruen/Desktop/Mobile-Platform/software/build/robot_control' returned '0': CMAKE_PREFIX_PATH=${CMAKE_PREFIX_PATH}:/opt/ros/jazzy DEBUGINFOD_URLS=https://debuginfod.ubuntu.com /usr/bin/cmake --build /home/gruen/Desktop/Mobile-Platform/software/build/robot_control -- -j24 -l24
[1.998s] Invoking command in '/home/gruen/Desktop/Mobile-Platform/software/build/robot_control': CMAKE_PREFIX_PATH=${CMAKE_PREFIX_PATH}:/opt/ros/jazzy DEBUGINFOD_URLS=https://debuginfod.ubuntu.com /usr/bin/cmake --install /home/gruen/Desktop/Mobile-Platform/software/build/robot_control
[2.006s] -- Install configuration: ""
[2.006s] -- Execute custom install script
[2.007s] -- Symlinking: /home/gruen/Desktop/Mobile-Platform/software/install/robot_control/share/ament_index/resource_index/package_run_dependencies/robot_control
[2.019s] -- Symlinking: /home/gruen/Desktop/Mobile-Platform/software/install/robot_control/share/ament_index/resource_index/parent_prefix_path/robot_control
[2.029s] -- Symlinking: /home/gruen/Desktop/Mobile-Platform/software/install/robot_control/share/robot_control/environment/ament_prefix_path.sh
[2.036s] -- Symlinking: /home/gruen/Desktop/Mobile-Platform/software/install/robot_control/share/robot_control/environment/ament_prefix_path.dsv
[2.048s] -- Symlinking: /home/gruen/Desktop/Mobile-Platform/software/install/robot_control/share/robot_control/environment/path.sh
[2.061s] -- Symlinking: /home/gruen/Desktop/Mobile-Platform/software/install/robot_control/share/robot_control/environment/path.dsv
[2.073s] -- Symlinking: /home/gruen/Desktop/Mobile-Platform/software/install/robot_control/share/robot_control/local_setup.bash
[2.087s] -- Symlinking: /home/gruen/Desktop/Mobile-Platform/software/install/robot_control/share/robot_control/local_setup.sh
[2.098s] -- Symlinking: /home/gruen/Desktop/Mobile-Platform/software/install/robot_control/share/robot_control/local_setup.zsh
[2.109s] -- Symlinking: /home/gruen/Desktop/Mobile-Platform/software/install/robot_control/share/robot_control/local_setup.dsv
[2.118s] -- Symlinking: /home/gruen/Desktop/Mobile-Platform/software/install/robot_control/share/robot_control/package.dsv
[2.126s] -- Symlinking: /home/gruen/Desktop/Mobile-Platform/software/install/robot_control/share/ament_index/resource_index/packages/robot_control
[2.140s] -- Symlinking: /home/gruen/Desktop/Mobile-Platform/software/install/robot_control/share/robot_control/cmake/robot_controlConfig.cmake
[2.150s] -- Symlinking: /home/gruen/Desktop/Mobile-Platform/software/install/robot_control/share/robot_control/cmake/robot_controlConfig-version.cmake
[2.159s] -- Symlinking: /home/gruen/Desktop/Mobile-Platform/software/install/robot_control/share/robot_control/package.xml
[2.170s] Invoked command in '/home/gruen/Desktop/Mobile-Platform/software/build/robot_control' returned '0': CMAKE_PREFIX_PATH=${CMAKE_PREFIX_PATH}:/opt/ros/jazzy DEBUGINFOD_URLS=https://debuginfod.ubuntu.com /usr/bin/cmake --install /home/gruen/Desktop/Mobile-Platform/software/build/robot_control
