[0.031s] Invoking command in '/home/gruen/Desktop/Mobile-Platform/software/build/robot_bringup': CMAKE_PREFIX_PATH=${CMAKE_PREFIX_PATH}:/opt/ros/jazzy DEBUGINFOD_URLS=https://debuginfod.ubuntu.com /usr/bin/cmake /home/gruen/Desktop/Mobile-Platform/software/src/robot_bringup -DAMENT_CMAKE_SYMLINK_INSTALL=1 -DCMAKE_INSTALL_PREFIX=/home/gruen/Desktop/Mobile-Platform/software/install/robot_bringup
[0.213s] -- The C compiler identification is GNU 13.3.0
[0.346s] -- The CXX compiler identification is GNU 13.3.0
[0.371s] -- Detecting C compiler ABI info
[0.511s] -- Detecting C compiler ABI info - done
[0.524s] -- Check for working C compiler: /usr/bin/cc - skipped
[0.524s] -- Detecting C compile features
[0.525s] -- Detecting C compile features - done
[0.538s] -- Detecting CXX compiler ABI info
[0.667s] -- Detecting CXX compiler ABI info - done
[0.684s] -- Check for working CXX compiler: /usr/bin/c++ - skipped
[0.684s] -- Detecting CXX compile features
[0.684s] -- Detecting CXX compile features - done
[0.689s] -- Found ament_cmake: 2.5.5 (/opt/ros/jazzy/share/ament_cmake/cmake)
[0.918s] -- Found Python3: /usr/bin/python3 (found version "3.12.3") found components: Interpreter 
[1.018s] -- Override CMake install command with custom implementation using symlinks instead of copying resources
[1.090s] -- Found ament_lint_auto: 0.17.4 (/opt/ros/jazzy/share/ament_lint_auto/cmake)
[1.242s] -- Added test 'lint_cmake' to check CMake code style
[1.244s] -- Added test 'xmllint' to check XML markup files
[1.247s] -- Configuring done (1.2s)
[1.250s] -- Generating done (0.0s)
[1.254s] -- Build files have been written to: /home/gruen/Desktop/Mobile-Platform/software/build/robot_bringup
[1.264s] Invoked command in '/home/gruen/Desktop/Mobile-Platform/software/build/robot_bringup' returned '0': CMAKE_PREFIX_PATH=${CMAKE_PREFIX_PATH}:/opt/ros/jazzy DEBUGINFOD_URLS=https://debuginfod.ubuntu.com /usr/bin/cmake /home/gruen/Desktop/Mobile-Platform/software/src/robot_bringup -DAMENT_CMAKE_SYMLINK_INSTALL=1 -DCMAKE_INSTALL_PREFIX=/home/gruen/Desktop/Mobile-Platform/software/install/robot_bringup
[1.265s] Invoking command in '/home/gruen/Desktop/Mobile-Platform/software/build/robot_bringup': CMAKE_PREFIX_PATH=${CMAKE_PREFIX_PATH}:/opt/ros/jazzy DEBUGINFOD_URLS=https://debuginfod.ubuntu.com /usr/bin/cmake --build /home/gruen/Desktop/Mobile-Platform/software/build/robot_bringup -- -j24 -l24
[1.319s] Invoked command in '/home/gruen/Desktop/Mobile-Platform/software/build/robot_bringup' returned '0': CMAKE_PREFIX_PATH=${CMAKE_PREFIX_PATH}:/opt/ros/jazzy DEBUGINFOD_URLS=https://debuginfod.ubuntu.com /usr/bin/cmake --build /home/gruen/Desktop/Mobile-Platform/software/build/robot_bringup -- -j24 -l24
[1.330s] Invoking command in '/home/gruen/Desktop/Mobile-Platform/software/build/robot_bringup': CMAKE_PREFIX_PATH=${CMAKE_PREFIX_PATH}:/opt/ros/jazzy DEBUGINFOD_URLS=https://debuginfod.ubuntu.com /usr/bin/cmake --install /home/gruen/Desktop/Mobile-Platform/software/build/robot_bringup
[1.340s] -- Install configuration: ""
[1.340s] -- Execute custom install script
[1.340s] -- Symlinking: /home/gruen/Desktop/Mobile-Platform/software/install/robot_bringup/share/ament_index/resource_index/package_run_dependencies/robot_bringup
[1.351s] -- Symlinking: /home/gruen/Desktop/Mobile-Platform/software/install/robot_bringup/share/ament_index/resource_index/parent_prefix_path/robot_bringup
[1.364s] -- Symlinking: /home/gruen/Desktop/Mobile-Platform/software/install/robot_bringup/share/robot_bringup/environment/ament_prefix_path.sh
[1.378s] -- Symlinking: /home/gruen/Desktop/Mobile-Platform/software/install/robot_bringup/share/robot_bringup/environment/ament_prefix_path.dsv
[1.388s] -- Symlinking: /home/gruen/Desktop/Mobile-Platform/software/install/robot_bringup/share/robot_bringup/environment/path.sh
[1.401s] -- Symlinking: /home/gruen/Desktop/Mobile-Platform/software/install/robot_bringup/share/robot_bringup/environment/path.dsv
[1.414s] -- Symlinking: /home/gruen/Desktop/Mobile-Platform/software/install/robot_bringup/share/robot_bringup/local_setup.bash
[1.426s] -- Symlinking: /home/gruen/Desktop/Mobile-Platform/software/install/robot_bringup/share/robot_bringup/local_setup.sh
[1.438s] -- Symlinking: /home/gruen/Desktop/Mobile-Platform/software/install/robot_bringup/share/robot_bringup/local_setup.zsh
[1.449s] -- Symlinking: /home/gruen/Desktop/Mobile-Platform/software/install/robot_bringup/share/robot_bringup/local_setup.dsv
[1.460s] -- Symlinking: /home/gruen/Desktop/Mobile-Platform/software/install/robot_bringup/share/robot_bringup/package.dsv
[1.473s] -- Symlinking: /home/gruen/Desktop/Mobile-Platform/software/install/robot_bringup/share/ament_index/resource_index/packages/robot_bringup
[1.484s] -- Symlinking: /home/gruen/Desktop/Mobile-Platform/software/install/robot_bringup/share/robot_bringup/cmake/robot_bringupConfig.cmake
[1.497s] -- Symlinking: /home/gruen/Desktop/Mobile-Platform/software/install/robot_bringup/share/robot_bringup/cmake/robot_bringupConfig-version.cmake
[1.511s] -- Symlinking: /home/gruen/Desktop/Mobile-Platform/software/install/robot_bringup/share/robot_bringup/package.xml
[1.563s] Invoked command in '/home/gruen/Desktop/Mobile-Platform/software/build/robot_bringup' returned '0': CMAKE_PREFIX_PATH=${CMAKE_PREFIX_PATH}:/opt/ros/jazzy DEBUGINFOD_URLS=https://debuginfod.ubuntu.com /usr/bin/cmake --install /home/gruen/Desktop/Mobile-Platform/software/build/robot_bringup
