[0.110s] DEBUG:colcon:Command line arguments: ['/usr/bin/colcon', 'build', '--symlink-install']
[0.110s] DEBUG:colcon:Parsed command line arguments: Namespace(log_base=None, log_level=None, verb_name='build', build_base='build', install_base='install', merge_install=False, symlink_install=True, test_result_base=None, continue_on_error=False, executor='parallel', parallel_workers=24, event_handlers=None, ignore_user_meta=False, metas=['./colcon.meta'], base_paths=['.'], packages_ignore=None, packages_ignore_regex=None, paths=None, packages_up_to=None, packages_up_to_regex=None, packages_above=None, packages_above_and_dependencies=None, packages_above_depth=None, packages_select_by_dep=None, packages_skip_by_dep=None, packages_skip_up_to=None, packages_select_build_failed=False, packages_skip_build_finished=False, packages_select_test_failures=False, packages_skip_test_passed=False, packages_select=None, packages_skip=None, packages_select_regex=None, packages_skip_regex=None, packages_start=None, packages_end=None, allow_overriding=[], cmake_args=None, cmake_target=None, cmake_target_skip_unavailable=False, cmake_clean_cache=False, cmake_clean_first=False, cmake_force_configure=False, ament_cmake_args=None, catkin_cmake_args=None, catkin_skip_building_tests=False, mixin_files=None, mixin=None, verb_parser=<colcon_mixin.mixin.mixin_argument.MixinArgumentDecorator object at 0x7f33ec2b4170>, verb_extension=<colcon_core.verb.build.BuildVerb object at 0x7f33ec3d03e0>, main=<bound method BuildVerb.main of <colcon_core.verb.build.BuildVerb object at 0x7f33ec3d03e0>>, mixin_verb=('build',))
[0.154s] Level 1:colcon.colcon_core.package_discovery:discover_packages(colcon_meta) check parameters
[0.154s] Level 1:colcon.colcon_core.package_discovery:discover_packages(recursive) check parameters
[0.154s] Level 1:colcon.colcon_core.package_discovery:discover_packages(ignore) check parameters
[0.154s] Level 1:colcon.colcon_core.package_discovery:discover_packages(path) check parameters
[0.154s] Level 1:colcon.colcon_core.package_discovery:discover_packages(colcon_meta) discover
[0.154s] Level 1:colcon.colcon_core.package_discovery:discover_packages(recursive) discover
[0.154s] INFO:colcon.colcon_core.package_discovery:Crawling recursively for packages in '/home/gruen/Desktop/Mobile-Platform/software'
[0.154s] Level 1:colcon.colcon_core.package_identification:_identify(.) by extensions ['ignore', 'ignore_ament_install']
[0.155s] Level 1:colcon.colcon_core.package_identification:_identify(.) by extension 'ignore'
[0.155s] Level 1:colcon.colcon_core.package_identification:_identify(.) by extension 'ignore_ament_install'
[0.155s] Level 1:colcon.colcon_core.package_identification:_identify(.) by extensions ['colcon_pkg']
[0.155s] Level 1:colcon.colcon_core.package_identification:_identify(.) by extension 'colcon_pkg'
[0.155s] Level 1:colcon.colcon_core.package_identification:_identify(.) by extensions ['colcon_meta']
[0.155s] Level 1:colcon.colcon_core.package_identification:_identify(.) by extension 'colcon_meta'
[0.155s] Level 1:colcon.colcon_core.package_identification:_identify(.) by extensions ['ros']
[0.155s] Level 1:colcon.colcon_core.package_identification:_identify(.) by extension 'ros'
[0.185s] Level 1:colcon.colcon_core.package_identification:_identify(.) by extensions ['cmake', 'python']
[0.185s] Level 1:colcon.colcon_core.package_identification:_identify(.) by extension 'cmake'
[0.185s] Level 1:colcon.colcon_core.package_identification:_identify(.) by extension 'python'
[0.185s] Level 1:colcon.colcon_core.package_identification:_identify(.) by extensions ['python_setup_py']
[0.185s] Level 1:colcon.colcon_core.package_identification:_identify(.) by extension 'python_setup_py'
[0.185s] Level 1:colcon.colcon_core.package_identification:_identify(build) by extensions ['ignore', 'ignore_ament_install']
[0.185s] Level 1:colcon.colcon_core.package_identification:_identify(build) by extension 'ignore'
[0.185s] Level 1:colcon.colcon_core.package_identification:_identify(build) ignored
[0.185s] Level 1:colcon.colcon_core.package_identification:_identify(install) by extensions ['ignore', 'ignore_ament_install']
[0.185s] Level 1:colcon.colcon_core.package_identification:_identify(install) by extension 'ignore'
[0.185s] Level 1:colcon.colcon_core.package_identification:_identify(install) ignored
[0.185s] Level 1:colcon.colcon_core.package_identification:_identify(log) by extensions ['ignore', 'ignore_ament_install']
[0.185s] Level 1:colcon.colcon_core.package_identification:_identify(log) by extension 'ignore'
[0.186s] Level 1:colcon.colcon_core.package_identification:_identify(log) ignored
[0.186s] Level 1:colcon.colcon_core.package_identification:_identify(src) by extensions ['ignore', 'ignore_ament_install']
[0.186s] Level 1:colcon.colcon_core.package_identification:_identify(src) by extension 'ignore'
[0.186s] Level 1:colcon.colcon_core.package_identification:_identify(src) by extension 'ignore_ament_install'
[0.186s] Level 1:colcon.colcon_core.package_identification:_identify(src) by extensions ['colcon_pkg']
[0.186s] Level 1:colcon.colcon_core.package_identification:_identify(src) by extension 'colcon_pkg'
[0.186s] Level 1:colcon.colcon_core.package_identification:_identify(src) by extensions ['colcon_meta']
[0.186s] Level 1:colcon.colcon_core.package_identification:_identify(src) by extension 'colcon_meta'
[0.186s] Level 1:colcon.colcon_core.package_identification:_identify(src) by extensions ['ros']
[0.186s] Level 1:colcon.colcon_core.package_identification:_identify(src) by extension 'ros'
[0.186s] Level 1:colcon.colcon_core.package_identification:_identify(src) by extensions ['cmake', 'python']
[0.186s] Level 1:colcon.colcon_core.package_identification:_identify(src) by extension 'cmake'
[0.186s] Level 1:colcon.colcon_core.package_identification:_identify(src) by extension 'python'
[0.186s] Level 1:colcon.colcon_core.package_identification:_identify(src) by extensions ['python_setup_py']
[0.186s] Level 1:colcon.colcon_core.package_identification:_identify(src) by extension 'python_setup_py'
[0.186s] Level 1:colcon.colcon_core.package_identification:_identify(src/robot_bringup) by extensions ['ignore', 'ignore_ament_install']
[0.186s] Level 1:colcon.colcon_core.package_identification:_identify(src/robot_bringup) by extension 'ignore'
[0.186s] Level 1:colcon.colcon_core.package_identification:_identify(src/robot_bringup) by extension 'ignore_ament_install'
[0.186s] Level 1:colcon.colcon_core.package_identification:_identify(src/robot_bringup) by extensions ['colcon_pkg']
[0.186s] Level 1:colcon.colcon_core.package_identification:_identify(src/robot_bringup) by extension 'colcon_pkg'
[0.186s] Level 1:colcon.colcon_core.package_identification:_identify(src/robot_bringup) by extensions ['colcon_meta']
[0.186s] Level 1:colcon.colcon_core.package_identification:_identify(src/robot_bringup) by extension 'colcon_meta'
[0.186s] Level 1:colcon.colcon_core.package_identification:_identify(src/robot_bringup) by extensions ['ros']
[0.186s] Level 1:colcon.colcon_core.package_identification:_identify(src/robot_bringup) by extension 'ros'
[0.193s] DEBUG:colcon.colcon_core.package_identification:Package 'src/robot_bringup' with type 'ros.ament_cmake' and name 'robot_bringup'
[0.193s] Level 1:colcon.colcon_core.package_identification:_identify(src/robot_control) by extensions ['ignore', 'ignore_ament_install']
[0.193s] Level 1:colcon.colcon_core.package_identification:_identify(src/robot_control) by extension 'ignore'
[0.193s] Level 1:colcon.colcon_core.package_identification:_identify(src/robot_control) by extension 'ignore_ament_install'
[0.193s] Level 1:colcon.colcon_core.package_identification:_identify(src/robot_control) by extensions ['colcon_pkg']
[0.193s] Level 1:colcon.colcon_core.package_identification:_identify(src/robot_control) by extension 'colcon_pkg'
[0.193s] Level 1:colcon.colcon_core.package_identification:_identify(src/robot_control) by extensions ['colcon_meta']
[0.193s] Level 1:colcon.colcon_core.package_identification:_identify(src/robot_control) by extension 'colcon_meta'
[0.193s] Level 1:colcon.colcon_core.package_identification:_identify(src/robot_control) by extensions ['ros']
[0.193s] Level 1:colcon.colcon_core.package_identification:_identify(src/robot_control) by extension 'ros'
[0.194s] DEBUG:colcon.colcon_core.package_identification:Package 'src/robot_control' with type 'ros.ament_cmake' and name 'robot_control'
[0.194s] Level 1:colcon.colcon_core.package_identification:_identify(src/robot_description) by extensions ['ignore', 'ignore_ament_install']
[0.194s] Level 1:colcon.colcon_core.package_identification:_identify(src/robot_description) by extension 'ignore'
[0.194s] Level 1:colcon.colcon_core.package_identification:_identify(src/robot_description) by extension 'ignore_ament_install'
[0.194s] Level 1:colcon.colcon_core.package_identification:_identify(src/robot_description) by extensions ['colcon_pkg']
[0.194s] Level 1:colcon.colcon_core.package_identification:_identify(src/robot_description) by extension 'colcon_pkg'
[0.194s] Level 1:colcon.colcon_core.package_identification:_identify(src/robot_description) by extensions ['colcon_meta']
[0.194s] Level 1:colcon.colcon_core.package_identification:_identify(src/robot_description) by extension 'colcon_meta'
[0.194s] Level 1:colcon.colcon_core.package_identification:_identify(src/robot_description) by extensions ['ros']
[0.194s] Level 1:colcon.colcon_core.package_identification:_identify(src/robot_description) by extension 'ros'
[0.195s] DEBUG:colcon.colcon_core.package_identification:Package 'src/robot_description' with type 'ros.ament_cmake' and name 'robot_description'
[0.195s] Level 1:colcon.colcon_core.package_identification:_identify(src/robot_simulation) by extensions ['ignore', 'ignore_ament_install']
[0.195s] Level 1:colcon.colcon_core.package_identification:_identify(src/robot_simulation) by extension 'ignore'
[0.195s] Level 1:colcon.colcon_core.package_identification:_identify(src/robot_simulation) by extension 'ignore_ament_install'
[0.195s] Level 1:colcon.colcon_core.package_identification:_identify(src/robot_simulation) by extensions ['colcon_pkg']
[0.195s] Level 1:colcon.colcon_core.package_identification:_identify(src/robot_simulation) by extension 'colcon_pkg'
[0.195s] Level 1:colcon.colcon_core.package_identification:_identify(src/robot_simulation) by extensions ['colcon_meta']
[0.195s] Level 1:colcon.colcon_core.package_identification:_identify(src/robot_simulation) by extension 'colcon_meta'
[0.195s] Level 1:colcon.colcon_core.package_identification:_identify(src/robot_simulation) by extensions ['ros']
[0.195s] Level 1:colcon.colcon_core.package_identification:_identify(src/robot_simulation) by extension 'ros'
[0.196s] DEBUG:colcon.colcon_core.package_identification:Package 'src/robot_simulation' with type 'ros.ament_cmake' and name 'robot_simulation'
[0.196s] Level 1:colcon.colcon_core.package_discovery:discover_packages(recursive) using defaults
[0.196s] Level 1:colcon.colcon_core.package_discovery:discover_packages(ignore) discover
[0.196s] Level 1:colcon.colcon_core.package_discovery:discover_packages(ignore) using defaults
[0.196s] Level 1:colcon.colcon_core.package_discovery:discover_packages(path) discover
[0.196s] Level 1:colcon.colcon_core.package_discovery:discover_packages(path) using defaults
[0.216s] Level 1:colcon.colcon_core.package_discovery:discover_packages(prefix_path) check parameters
[0.216s] Level 1:colcon.colcon_core.package_discovery:discover_packages(prefix_path) discover
[0.218s] DEBUG:colcon.colcon_installed_package_information.package_discovery:Found 3 installed packages in /home/gruen/Desktop/Uni/ros/install
[0.220s] DEBUG:colcon.colcon_installed_package_information.package_discovery:Found 406 installed packages in /opt/ros/jazzy
[0.221s] Level 1:colcon.colcon_core.package_discovery:discover_packages(prefix_path) using defaults
[0.271s] Level 5:colcon.colcon_core.verb:set package 'robot_bringup' build argument 'cmake_args' from command line to 'None'
[0.271s] Level 5:colcon.colcon_core.verb:set package 'robot_bringup' build argument 'cmake_target' from command line to 'None'
[0.271s] Level 5:colcon.colcon_core.verb:set package 'robot_bringup' build argument 'cmake_target_skip_unavailable' from command line to 'False'
[0.271s] Level 5:colcon.colcon_core.verb:set package 'robot_bringup' build argument 'cmake_clean_cache' from command line to 'False'
[0.271s] Level 5:colcon.colcon_core.verb:set package 'robot_bringup' build argument 'cmake_clean_first' from command line to 'False'
[0.271s] Level 5:colcon.colcon_core.verb:set package 'robot_bringup' build argument 'cmake_force_configure' from command line to 'False'
[0.271s] Level 5:colcon.colcon_core.verb:set package 'robot_bringup' build argument 'ament_cmake_args' from command line to 'None'
[0.271s] Level 5:colcon.colcon_core.verb:set package 'robot_bringup' build argument 'catkin_cmake_args' from command line to 'None'
[0.271s] Level 5:colcon.colcon_core.verb:set package 'robot_bringup' build argument 'catkin_skip_building_tests' from command line to 'False'
[0.271s] DEBUG:colcon.colcon_core.verb:Building package 'robot_bringup' with the following arguments: {'ament_cmake_args': None, 'build_base': '/home/gruen/Desktop/Mobile-Platform/software/build/robot_bringup', 'catkin_cmake_args': None, 'catkin_skip_building_tests': False, 'cmake_args': None, 'cmake_clean_cache': False, 'cmake_clean_first': False, 'cmake_force_configure': False, 'cmake_target': None, 'cmake_target_skip_unavailable': False, 'install_base': '/home/gruen/Desktop/Mobile-Platform/software/install/robot_bringup', 'merge_install': False, 'path': '/home/gruen/Desktop/Mobile-Platform/software/src/robot_bringup', 'symlink_install': True, 'test_result_base': None}
[0.271s] Level 5:colcon.colcon_core.verb:set package 'robot_control' build argument 'cmake_args' from command line to 'None'
[0.271s] Level 5:colcon.colcon_core.verb:set package 'robot_control' build argument 'cmake_target' from command line to 'None'
[0.271s] Level 5:colcon.colcon_core.verb:set package 'robot_control' build argument 'cmake_target_skip_unavailable' from command line to 'False'
[0.271s] Level 5:colcon.colcon_core.verb:set package 'robot_control' build argument 'cmake_clean_cache' from command line to 'False'
[0.272s] Level 5:colcon.colcon_core.verb:set package 'robot_control' build argument 'cmake_clean_first' from command line to 'False'
[0.272s] Level 5:colcon.colcon_core.verb:set package 'robot_control' build argument 'cmake_force_configure' from command line to 'False'
[0.272s] Level 5:colcon.colcon_core.verb:set package 'robot_control' build argument 'ament_cmake_args' from command line to 'None'
[0.272s] Level 5:colcon.colcon_core.verb:set package 'robot_control' build argument 'catkin_cmake_args' from command line to 'None'
[0.272s] Level 5:colcon.colcon_core.verb:set package 'robot_control' build argument 'catkin_skip_building_tests' from command line to 'False'
[0.272s] DEBUG:colcon.colcon_core.verb:Building package 'robot_control' with the following arguments: {'ament_cmake_args': None, 'build_base': '/home/gruen/Desktop/Mobile-Platform/software/build/robot_control', 'catkin_cmake_args': None, 'catkin_skip_building_tests': False, 'cmake_args': None, 'cmake_clean_cache': False, 'cmake_clean_first': False, 'cmake_force_configure': False, 'cmake_target': None, 'cmake_target_skip_unavailable': False, 'install_base': '/home/gruen/Desktop/Mobile-Platform/software/install/robot_control', 'merge_install': False, 'path': '/home/gruen/Desktop/Mobile-Platform/software/src/robot_control', 'symlink_install': True, 'test_result_base': None}
[0.272s] Level 5:colcon.colcon_core.verb:set package 'robot_description' build argument 'cmake_args' from command line to 'None'
[0.272s] Level 5:colcon.colcon_core.verb:set package 'robot_description' build argument 'cmake_target' from command line to 'None'
[0.272s] Level 5:colcon.colcon_core.verb:set package 'robot_description' build argument 'cmake_target_skip_unavailable' from command line to 'False'
[0.272s] Level 5:colcon.colcon_core.verb:set package 'robot_description' build argument 'cmake_clean_cache' from command line to 'False'
[0.272s] Level 5:colcon.colcon_core.verb:set package 'robot_description' build argument 'cmake_clean_first' from command line to 'False'
[0.272s] Level 5:colcon.colcon_core.verb:set package 'robot_description' build argument 'cmake_force_configure' from command line to 'False'
[0.272s] Level 5:colcon.colcon_core.verb:set package 'robot_description' build argument 'ament_cmake_args' from command line to 'None'
[0.272s] Level 5:colcon.colcon_core.verb:set package 'robot_description' build argument 'catkin_cmake_args' from command line to 'None'
[0.272s] Level 5:colcon.colcon_core.verb:set package 'robot_description' build argument 'catkin_skip_building_tests' from command line to 'False'
[0.272s] DEBUG:colcon.colcon_core.verb:Building package 'robot_description' with the following arguments: {'ament_cmake_args': None, 'build_base': '/home/gruen/Desktop/Mobile-Platform/software/build/robot_description', 'catkin_cmake_args': None, 'catkin_skip_building_tests': False, 'cmake_args': None, 'cmake_clean_cache': False, 'cmake_clean_first': False, 'cmake_force_configure': False, 'cmake_target': None, 'cmake_target_skip_unavailable': False, 'install_base': '/home/gruen/Desktop/Mobile-Platform/software/install/robot_description', 'merge_install': False, 'path': '/home/gruen/Desktop/Mobile-Platform/software/src/robot_description', 'symlink_install': True, 'test_result_base': None}
[0.272s] Level 5:colcon.colcon_core.verb:set package 'robot_simulation' build argument 'cmake_args' from command line to 'None'
[0.272s] Level 5:colcon.colcon_core.verb:set package 'robot_simulation' build argument 'cmake_target' from command line to 'None'
[0.272s] Level 5:colcon.colcon_core.verb:set package 'robot_simulation' build argument 'cmake_target_skip_unavailable' from command line to 'False'
[0.272s] Level 5:colcon.colcon_core.verb:set package 'robot_simulation' build argument 'cmake_clean_cache' from command line to 'False'
[0.272s] Level 5:colcon.colcon_core.verb:set package 'robot_simulation' build argument 'cmake_clean_first' from command line to 'False'
[0.272s] Level 5:colcon.colcon_core.verb:set package 'robot_simulation' build argument 'cmake_force_configure' from command line to 'False'
[0.272s] Level 5:colcon.colcon_core.verb:set package 'robot_simulation' build argument 'ament_cmake_args' from command line to 'None'
[0.272s] Level 5:colcon.colcon_core.verb:set package 'robot_simulation' build argument 'catkin_cmake_args' from command line to 'None'
[0.272s] Level 5:colcon.colcon_core.verb:set package 'robot_simulation' build argument 'catkin_skip_building_tests' from command line to 'False'
[0.272s] DEBUG:colcon.colcon_core.verb:Building package 'robot_simulation' with the following arguments: {'ament_cmake_args': None, 'build_base': '/home/gruen/Desktop/Mobile-Platform/software/build/robot_simulation', 'catkin_cmake_args': None, 'catkin_skip_building_tests': False, 'cmake_args': None, 'cmake_clean_cache': False, 'cmake_clean_first': False, 'cmake_force_configure': False, 'cmake_target': None, 'cmake_target_skip_unavailable': False, 'install_base': '/home/gruen/Desktop/Mobile-Platform/software/install/robot_simulation', 'merge_install': False, 'path': '/home/gruen/Desktop/Mobile-Platform/software/src/robot_simulation', 'symlink_install': True, 'test_result_base': None}
[0.272s] INFO:colcon.colcon_core.executor:Executing jobs using 'parallel' executor
[0.274s] DEBUG:colcon.colcon_parallel_executor.executor.parallel:run_until_complete
[0.274s] INFO:colcon.colcon_ros.task.ament_cmake.build:Building ROS package in '/home/gruen/Desktop/Mobile-Platform/software/src/robot_bringup' with build type 'ament_cmake'
[0.275s] INFO:colcon.colcon_cmake.task.cmake.build:Building CMake package in '/home/gruen/Desktop/Mobile-Platform/software/src/robot_bringup'
[0.277s] INFO:colcon.colcon_core.plugin_system:Skipping extension 'colcon_core.shell.bat': Not used on non-Windows systems
[0.277s] INFO:colcon.colcon_core.shell:Skip shell extension 'powershell' for command environment: Not usable outside of PowerShell
[0.277s] DEBUG:colcon.colcon_core.shell:Skip shell extension 'dsv' for command environment
[0.283s] INFO:colcon.colcon_ros.task.ament_cmake.build:Building ROS package in '/home/gruen/Desktop/Mobile-Platform/software/src/robot_control' with build type 'ament_cmake'
[0.283s] INFO:colcon.colcon_cmake.task.cmake.build:Building CMake package in '/home/gruen/Desktop/Mobile-Platform/software/src/robot_control'
[0.284s] INFO:colcon.colcon_core.shell:Skip shell extension 'powershell' for command environment: Not usable outside of PowerShell
[0.284s] DEBUG:colcon.colcon_core.shell:Skip shell extension 'dsv' for command environment
[0.289s] INFO:colcon.colcon_ros.task.ament_cmake.build:Building ROS package in '/home/gruen/Desktop/Mobile-Platform/software/src/robot_description' with build type 'ament_cmake'
[0.289s] INFO:colcon.colcon_cmake.task.cmake.build:Building CMake package in '/home/gruen/Desktop/Mobile-Platform/software/src/robot_description'
[0.290s] INFO:colcon.colcon_core.shell:Skip shell extension 'powershell' for command environment: Not usable outside of PowerShell
[0.290s] DEBUG:colcon.colcon_core.shell:Skip shell extension 'dsv' for command environment
[0.294s] INFO:colcon.colcon_ros.task.ament_cmake.build:Building ROS package in '/home/gruen/Desktop/Mobile-Platform/software/src/robot_simulation' with build type 'ament_cmake'
[0.295s] INFO:colcon.colcon_cmake.task.cmake.build:Building CMake package in '/home/gruen/Desktop/Mobile-Platform/software/src/robot_simulation'
[0.295s] INFO:colcon.colcon_core.shell:Skip shell extension 'powershell' for command environment: Not usable outside of PowerShell
[0.295s] DEBUG:colcon.colcon_core.shell:Skip shell extension 'dsv' for command environment
[0.307s] DEBUG:colcon.colcon_core.event_handler.log_command:Invoking command in '/home/gruen/Desktop/Mobile-Platform/software/build/robot_bringup': CMAKE_PREFIX_PATH=${CMAKE_PREFIX_PATH}:/opt/ros/jazzy DEBUGINFOD_URLS=https://debuginfod.ubuntu.com /usr/bin/cmake /home/gruen/Desktop/Mobile-Platform/software/src/robot_bringup -DAMENT_CMAKE_SYMLINK_INSTALL=1 -DCMAKE_INSTALL_PREFIX=/home/gruen/Desktop/Mobile-Platform/software/install/robot_bringup
[0.310s] DEBUG:colcon.colcon_core.event_handler.log_command:Invoking command in '/home/gruen/Desktop/Mobile-Platform/software/build/robot_control': CMAKE_PREFIX_PATH=${CMAKE_PREFIX_PATH}:/opt/ros/jazzy DEBUGINFOD_URLS=https://debuginfod.ubuntu.com /usr/bin/cmake /home/gruen/Desktop/Mobile-Platform/software/src/robot_control -DAMENT_CMAKE_SYMLINK_INSTALL=1 -DCMAKE_INSTALL_PREFIX=/home/gruen/Desktop/Mobile-Platform/software/install/robot_control
[0.312s] DEBUG:colcon.colcon_core.event_handler.log_command:Invoking command in '/home/gruen/Desktop/Mobile-Platform/software/build/robot_description': CMAKE_PREFIX_PATH=${CMAKE_PREFIX_PATH}:/opt/ros/jazzy DEBUGINFOD_URLS=https://debuginfod.ubuntu.com /usr/bin/cmake /home/gruen/Desktop/Mobile-Platform/software/src/robot_description -DAMENT_CMAKE_SYMLINK_INSTALL=1 -DCMAKE_INSTALL_PREFIX=/home/gruen/Desktop/Mobile-Platform/software/install/robot_description
[0.317s] DEBUG:colcon.colcon_core.event_handler.log_command:Invoking command in '/home/gruen/Desktop/Mobile-Platform/software/build/robot_simulation': CMAKE_PREFIX_PATH=${CMAKE_PREFIX_PATH}:/opt/ros/jazzy DEBUGINFOD_URLS=https://debuginfod.ubuntu.com /usr/bin/cmake /home/gruen/Desktop/Mobile-Platform/software/src/robot_simulation -DAMENT_CMAKE_SYMLINK_INSTALL=1 -DCMAKE_INSTALL_PREFIX=/home/gruen/Desktop/Mobile-Platform/software/install/robot_simulation
[1.538s] DEBUG:colcon.colcon_core.event_handler.log_command:Invoked command in '/home/gruen/Desktop/Mobile-Platform/software/build/robot_description' returned '0': CMAKE_PREFIX_PATH=${CMAKE_PREFIX_PATH}:/opt/ros/jazzy DEBUGINFOD_URLS=https://debuginfod.ubuntu.com /usr/bin/cmake /home/gruen/Desktop/Mobile-Platform/software/src/robot_description -DAMENT_CMAKE_SYMLINK_INSTALL=1 -DCMAKE_INSTALL_PREFIX=/home/gruen/Desktop/Mobile-Platform/software/install/robot_description
[1.539s] DEBUG:colcon.colcon_core.event_handler.log_command:Invoking command in '/home/gruen/Desktop/Mobile-Platform/software/build/robot_description': CMAKE_PREFIX_PATH=${CMAKE_PREFIX_PATH}:/opt/ros/jazzy DEBUGINFOD_URLS=https://debuginfod.ubuntu.com /usr/bin/cmake --build /home/gruen/Desktop/Mobile-Platform/software/build/robot_description -- -j24 -l24
[1.540s] DEBUG:colcon.colcon_core.event_handler.log_command:Invoked command in '/home/gruen/Desktop/Mobile-Platform/software/build/robot_bringup' returned '0': CMAKE_PREFIX_PATH=${CMAKE_PREFIX_PATH}:/opt/ros/jazzy DEBUGINFOD_URLS=https://debuginfod.ubuntu.com /usr/bin/cmake /home/gruen/Desktop/Mobile-Platform/software/src/robot_bringup -DAMENT_CMAKE_SYMLINK_INSTALL=1 -DCMAKE_INSTALL_PREFIX=/home/gruen/Desktop/Mobile-Platform/software/install/robot_bringup
[1.541s] DEBUG:colcon.colcon_core.event_handler.log_command:Invoking command in '/home/gruen/Desktop/Mobile-Platform/software/build/robot_bringup': CMAKE_PREFIX_PATH=${CMAKE_PREFIX_PATH}:/opt/ros/jazzy DEBUGINFOD_URLS=https://debuginfod.ubuntu.com /usr/bin/cmake --build /home/gruen/Desktop/Mobile-Platform/software/build/robot_bringup -- -j24 -l24
[1.541s] DEBUG:colcon.colcon_core.event_handler.log_command:Invoked command in '/home/gruen/Desktop/Mobile-Platform/software/build/robot_simulation' returned '0': CMAKE_PREFIX_PATH=${CMAKE_PREFIX_PATH}:/opt/ros/jazzy DEBUGINFOD_URLS=https://debuginfod.ubuntu.com /usr/bin/cmake /home/gruen/Desktop/Mobile-Platform/software/src/robot_simulation -DAMENT_CMAKE_SYMLINK_INSTALL=1 -DCMAKE_INSTALL_PREFIX=/home/gruen/Desktop/Mobile-Platform/software/install/robot_simulation
[1.542s] DEBUG:colcon.colcon_core.event_handler.log_command:Invoking command in '/home/gruen/Desktop/Mobile-Platform/software/build/robot_simulation': CMAKE_PREFIX_PATH=${CMAKE_PREFIX_PATH}:/opt/ros/jazzy DEBUGINFOD_URLS=https://debuginfod.ubuntu.com /usr/bin/cmake --build /home/gruen/Desktop/Mobile-Platform/software/build/robot_simulation -- -j24 -l24
[1.594s] DEBUG:colcon.colcon_core.event_handler.log_command:Invoked command in '/home/gruen/Desktop/Mobile-Platform/software/build/robot_bringup' returned '0': CMAKE_PREFIX_PATH=${CMAKE_PREFIX_PATH}:/opt/ros/jazzy DEBUGINFOD_URLS=https://debuginfod.ubuntu.com /usr/bin/cmake --build /home/gruen/Desktop/Mobile-Platform/software/build/robot_bringup -- -j24 -l24
[1.606s] DEBUG:colcon.colcon_core.event_handler.log_command:Invoking command in '/home/gruen/Desktop/Mobile-Platform/software/build/robot_bringup': CMAKE_PREFIX_PATH=${CMAKE_PREFIX_PATH}:/opt/ros/jazzy DEBUGINFOD_URLS=https://debuginfod.ubuntu.com /usr/bin/cmake --install /home/gruen/Desktop/Mobile-Platform/software/build/robot_bringup
[1.608s] DEBUG:colcon.colcon_core.event_handler.log_command:Invoked command in '/home/gruen/Desktop/Mobile-Platform/software/build/robot_description' returned '0': CMAKE_PREFIX_PATH=${CMAKE_PREFIX_PATH}:/opt/ros/jazzy DEBUGINFOD_URLS=https://debuginfod.ubuntu.com /usr/bin/cmake --build /home/gruen/Desktop/Mobile-Platform/software/build/robot_description -- -j24 -l24
[1.609s] DEBUG:colcon.colcon_core.event_handler.log_command:Invoking command in '/home/gruen/Desktop/Mobile-Platform/software/build/robot_description': CMAKE_PREFIX_PATH=${CMAKE_PREFIX_PATH}:/opt/ros/jazzy DEBUGINFOD_URLS=https://debuginfod.ubuntu.com /usr/bin/cmake --install /home/gruen/Desktop/Mobile-Platform/software/build/robot_description
[1.610s] DEBUG:colcon.colcon_core.event_handler.log_command:Invoked command in '/home/gruen/Desktop/Mobile-Platform/software/build/robot_simulation' returned '0': CMAKE_PREFIX_PATH=${CMAKE_PREFIX_PATH}:/opt/ros/jazzy DEBUGINFOD_URLS=https://debuginfod.ubuntu.com /usr/bin/cmake --build /home/gruen/Desktop/Mobile-Platform/software/build/robot_simulation -- -j24 -l24
[1.611s] DEBUG:colcon.colcon_core.event_handler.log_command:Invoking command in '/home/gruen/Desktop/Mobile-Platform/software/build/robot_simulation': CMAKE_PREFIX_PATH=${CMAKE_PREFIX_PATH}:/opt/ros/jazzy DEBUGINFOD_URLS=https://debuginfod.ubuntu.com /usr/bin/cmake --install /home/gruen/Desktop/Mobile-Platform/software/build/robot_simulation
[1.795s] Level 1:colcon.colcon_core.environment:create_environment_scripts_only(robot_description)
[1.796s] DEBUG:colcon.colcon_core.event_handler.log_command:Invoked command in '/home/gruen/Desktop/Mobile-Platform/software/build/robot_description' returned '0': CMAKE_PREFIX_PATH=${CMAKE_PREFIX_PATH}:/opt/ros/jazzy DEBUGINFOD_URLS=https://debuginfod.ubuntu.com /usr/bin/cmake --install /home/gruen/Desktop/Mobile-Platform/software/build/robot_description
[1.805s] Level 1:colcon.colcon_core.environment:checking '/home/gruen/Desktop/Mobile-Platform/software/install/robot_description' for CMake module files
[1.806s] Level 1:colcon.colcon_core.environment:checking '/home/gruen/Desktop/Mobile-Platform/software/install/robot_description' for CMake config files
[1.806s] Level 1:colcon.colcon_core.shell:create_environment_hook('robot_description', 'cmake_prefix_path')
[1.807s] INFO:colcon.colcon_core.shell:Creating environment hook '/home/gruen/Desktop/Mobile-Platform/software/install/robot_description/share/robot_description/hook/cmake_prefix_path.ps1'
[1.808s] INFO:colcon.colcon_core.shell:Creating environment descriptor '/home/gruen/Desktop/Mobile-Platform/software/install/robot_description/share/robot_description/hook/cmake_prefix_path.dsv'
[1.809s] INFO:colcon.colcon_core.shell:Creating environment hook '/home/gruen/Desktop/Mobile-Platform/software/install/robot_description/share/robot_description/hook/cmake_prefix_path.sh'
[1.811s] Level 1:colcon.colcon_core.environment:checking '/home/gruen/Desktop/Mobile-Platform/software/install/robot_description/bin'
[1.811s] Level 1:colcon.colcon_core.environment:checking '/home/gruen/Desktop/Mobile-Platform/software/install/robot_description/lib/pkgconfig/robot_description.pc'
[1.811s] Level 1:colcon.colcon_core.environment:checking '/home/gruen/Desktop/Mobile-Platform/software/install/robot_description/lib/python3.12/site-packages'
[1.811s] Level 1:colcon.colcon_core.environment:checking '/home/gruen/Desktop/Mobile-Platform/software/install/robot_description/bin'
[1.812s] INFO:colcon.colcon_core.shell:Creating package script '/home/gruen/Desktop/Mobile-Platform/software/install/robot_description/share/robot_description/package.ps1'
[1.813s] INFO:colcon.colcon_core.shell:Creating package descriptor '/home/gruen/Desktop/Mobile-Platform/software/install/robot_description/share/robot_description/package.dsv'
[1.814s] INFO:colcon.colcon_core.shell:Creating package script '/home/gruen/Desktop/Mobile-Platform/software/install/robot_description/share/robot_description/package.sh'
[1.815s] INFO:colcon.colcon_core.shell:Creating package script '/home/gruen/Desktop/Mobile-Platform/software/install/robot_description/share/robot_description/package.bash'
[1.816s] INFO:colcon.colcon_core.shell:Creating package script '/home/gruen/Desktop/Mobile-Platform/software/install/robot_description/share/robot_description/package.zsh'
[1.817s] Level 1:colcon.colcon_core.environment:create_file_with_runtime_dependencies(/home/gruen/Desktop/Mobile-Platform/software/install/robot_description/share/colcon-core/packages/robot_description)
[1.818s] Level 1:colcon.colcon_core.environment:create_environment_scripts_only(robot_description)
[1.818s] Level 1:colcon.colcon_core.environment:checking '/home/gruen/Desktop/Mobile-Platform/software/install/robot_description' for CMake module files
[1.819s] Level 1:colcon.colcon_core.environment:checking '/home/gruen/Desktop/Mobile-Platform/software/install/robot_description' for CMake config files
[1.819s] Level 1:colcon.colcon_core.shell:create_environment_hook('robot_description', 'cmake_prefix_path')
[1.819s] INFO:colcon.colcon_core.shell:Creating environment hook '/home/gruen/Desktop/Mobile-Platform/software/install/robot_description/share/robot_description/hook/cmake_prefix_path.ps1'
[1.819s] INFO:colcon.colcon_core.shell:Creating environment descriptor '/home/gruen/Desktop/Mobile-Platform/software/install/robot_description/share/robot_description/hook/cmake_prefix_path.dsv'
[1.820s] INFO:colcon.colcon_core.shell:Creating environment hook '/home/gruen/Desktop/Mobile-Platform/software/install/robot_description/share/robot_description/hook/cmake_prefix_path.sh'
[1.821s] Level 1:colcon.colcon_core.environment:checking '/home/gruen/Desktop/Mobile-Platform/software/install/robot_description/bin'
[1.821s] Level 1:colcon.colcon_core.environment:checking '/home/gruen/Desktop/Mobile-Platform/software/install/robot_description/lib/pkgconfig/robot_description.pc'
[1.821s] Level 1:colcon.colcon_core.environment:checking '/home/gruen/Desktop/Mobile-Platform/software/install/robot_description/lib/python3.12/site-packages'
[1.821s] Level 1:colcon.colcon_core.environment:checking '/home/gruen/Desktop/Mobile-Platform/software/install/robot_description/bin'
[1.822s] INFO:colcon.colcon_core.shell:Creating package script '/home/gruen/Desktop/Mobile-Platform/software/install/robot_description/share/robot_description/package.ps1'
[1.822s] INFO:colcon.colcon_core.shell:Creating package descriptor '/home/gruen/Desktop/Mobile-Platform/software/install/robot_description/share/robot_description/package.dsv'
[1.823s] INFO:colcon.colcon_core.shell:Creating package script '/home/gruen/Desktop/Mobile-Platform/software/install/robot_description/share/robot_description/package.sh'
[1.823s] INFO:colcon.colcon_core.shell:Creating package script '/home/gruen/Desktop/Mobile-Platform/software/install/robot_description/share/robot_description/package.bash'
[1.823s] INFO:colcon.colcon_core.shell:Creating package script '/home/gruen/Desktop/Mobile-Platform/software/install/robot_description/share/robot_description/package.zsh'
[1.824s] Level 1:colcon.colcon_core.environment:create_file_with_runtime_dependencies(/home/gruen/Desktop/Mobile-Platform/software/install/robot_description/share/colcon-core/packages/robot_description)
[1.825s] Level 1:colcon.colcon_core.environment:create_environment_scripts_only(robot_simulation)
[1.826s] Level 1:colcon.colcon_core.environment:checking '/home/gruen/Desktop/Mobile-Platform/software/install/robot_simulation' for CMake module files
[1.826s] DEBUG:colcon.colcon_core.event_handler.log_command:Invoked command in '/home/gruen/Desktop/Mobile-Platform/software/build/robot_simulation' returned '0': CMAKE_PREFIX_PATH=${CMAKE_PREFIX_PATH}:/opt/ros/jazzy DEBUGINFOD_URLS=https://debuginfod.ubuntu.com /usr/bin/cmake --install /home/gruen/Desktop/Mobile-Platform/software/build/robot_simulation
[1.827s] Level 1:colcon.colcon_core.environment:checking '/home/gruen/Desktop/Mobile-Platform/software/install/robot_simulation' for CMake config files
[1.827s] Level 1:colcon.colcon_core.shell:create_environment_hook('robot_simulation', 'cmake_prefix_path')
[1.827s] INFO:colcon.colcon_core.shell:Creating environment hook '/home/gruen/Desktop/Mobile-Platform/software/install/robot_simulation/share/robot_simulation/hook/cmake_prefix_path.ps1'
[1.828s] INFO:colcon.colcon_core.shell:Creating environment descriptor '/home/gruen/Desktop/Mobile-Platform/software/install/robot_simulation/share/robot_simulation/hook/cmake_prefix_path.dsv'
[1.828s] INFO:colcon.colcon_core.shell:Creating environment hook '/home/gruen/Desktop/Mobile-Platform/software/install/robot_simulation/share/robot_simulation/hook/cmake_prefix_path.sh'
[1.829s] Level 1:colcon.colcon_core.environment:checking '/home/gruen/Desktop/Mobile-Platform/software/install/robot_simulation/bin'
[1.829s] Level 1:colcon.colcon_core.environment:checking '/home/gruen/Desktop/Mobile-Platform/software/install/robot_simulation/lib/pkgconfig/robot_simulation.pc'
[1.829s] Level 1:colcon.colcon_core.environment:checking '/home/gruen/Desktop/Mobile-Platform/software/install/robot_simulation/lib/python3.12/site-packages'
[1.829s] Level 1:colcon.colcon_core.environment:checking '/home/gruen/Desktop/Mobile-Platform/software/install/robot_simulation/bin'
[1.830s] INFO:colcon.colcon_core.shell:Creating package script '/home/gruen/Desktop/Mobile-Platform/software/install/robot_simulation/share/robot_simulation/package.ps1'
[1.830s] INFO:colcon.colcon_core.shell:Creating package descriptor '/home/gruen/Desktop/Mobile-Platform/software/install/robot_simulation/share/robot_simulation/package.dsv'
[1.830s] INFO:colcon.colcon_core.shell:Creating package script '/home/gruen/Desktop/Mobile-Platform/software/install/robot_simulation/share/robot_simulation/package.sh'
[1.831s] INFO:colcon.colcon_core.shell:Creating package script '/home/gruen/Desktop/Mobile-Platform/software/install/robot_simulation/share/robot_simulation/package.bash'
[1.831s] INFO:colcon.colcon_core.shell:Creating package script '/home/gruen/Desktop/Mobile-Platform/software/install/robot_simulation/share/robot_simulation/package.zsh'
[1.831s] Level 1:colcon.colcon_core.environment:create_file_with_runtime_dependencies(/home/gruen/Desktop/Mobile-Platform/software/install/robot_simulation/share/colcon-core/packages/robot_simulation)
[1.832s] Level 1:colcon.colcon_core.environment:create_environment_scripts_only(robot_simulation)
[1.832s] Level 1:colcon.colcon_core.environment:checking '/home/gruen/Desktop/Mobile-Platform/software/install/robot_simulation' for CMake module files
[1.832s] Level 1:colcon.colcon_core.environment:checking '/home/gruen/Desktop/Mobile-Platform/software/install/robot_simulation' for CMake config files
[1.833s] Level 1:colcon.colcon_core.shell:create_environment_hook('robot_simulation', 'cmake_prefix_path')
[1.833s] INFO:colcon.colcon_core.shell:Creating environment hook '/home/gruen/Desktop/Mobile-Platform/software/install/robot_simulation/share/robot_simulation/hook/cmake_prefix_path.ps1'
[1.833s] INFO:colcon.colcon_core.shell:Creating environment descriptor '/home/gruen/Desktop/Mobile-Platform/software/install/robot_simulation/share/robot_simulation/hook/cmake_prefix_path.dsv'
[1.833s] INFO:colcon.colcon_core.shell:Creating environment hook '/home/gruen/Desktop/Mobile-Platform/software/install/robot_simulation/share/robot_simulation/hook/cmake_prefix_path.sh'
[1.834s] Level 1:colcon.colcon_core.environment:checking '/home/gruen/Desktop/Mobile-Platform/software/install/robot_simulation/bin'
[1.834s] Level 1:colcon.colcon_core.environment:checking '/home/gruen/Desktop/Mobile-Platform/software/install/robot_simulation/lib/pkgconfig/robot_simulation.pc'
[1.834s] Level 1:colcon.colcon_core.environment:checking '/home/gruen/Desktop/Mobile-Platform/software/install/robot_simulation/lib/python3.12/site-packages'
[1.835s] Level 1:colcon.colcon_core.environment:checking '/home/gruen/Desktop/Mobile-Platform/software/install/robot_simulation/bin'
[1.835s] INFO:colcon.colcon_core.shell:Creating package script '/home/gruen/Desktop/Mobile-Platform/software/install/robot_simulation/share/robot_simulation/package.ps1'
[1.835s] INFO:colcon.colcon_core.shell:Creating package descriptor '/home/gruen/Desktop/Mobile-Platform/software/install/robot_simulation/share/robot_simulation/package.dsv'
[1.836s] INFO:colcon.colcon_core.shell:Creating package script '/home/gruen/Desktop/Mobile-Platform/software/install/robot_simulation/share/robot_simulation/package.sh'
[1.836s] INFO:colcon.colcon_core.shell:Creating package script '/home/gruen/Desktop/Mobile-Platform/software/install/robot_simulation/share/robot_simulation/package.bash'
[1.837s] INFO:colcon.colcon_core.shell:Creating package script '/home/gruen/Desktop/Mobile-Platform/software/install/robot_simulation/share/robot_simulation/package.zsh'
[1.837s] Level 1:colcon.colcon_core.environment:create_file_with_runtime_dependencies(/home/gruen/Desktop/Mobile-Platform/software/install/robot_simulation/share/colcon-core/packages/robot_simulation)
[1.837s] Level 1:colcon.colcon_core.environment:create_environment_scripts_only(robot_bringup)
[1.837s] Level 1:colcon.colcon_core.environment:checking '/home/gruen/Desktop/Mobile-Platform/software/install/robot_bringup' for CMake module files
[1.838s] DEBUG:colcon.colcon_core.event_handler.log_command:Invoked command in '/home/gruen/Desktop/Mobile-Platform/software/build/robot_bringup' returned '0': CMAKE_PREFIX_PATH=${CMAKE_PREFIX_PATH}:/opt/ros/jazzy DEBUGINFOD_URLS=https://debuginfod.ubuntu.com /usr/bin/cmake --install /home/gruen/Desktop/Mobile-Platform/software/build/robot_bringup
[1.839s] Level 1:colcon.colcon_core.environment:checking '/home/gruen/Desktop/Mobile-Platform/software/install/robot_bringup' for CMake config files
[1.839s] Level 1:colcon.colcon_core.shell:create_environment_hook('robot_bringup', 'cmake_prefix_path')
[1.839s] INFO:colcon.colcon_core.shell:Creating environment hook '/home/gruen/Desktop/Mobile-Platform/software/install/robot_bringup/share/robot_bringup/hook/cmake_prefix_path.ps1'
[1.840s] INFO:colcon.colcon_core.shell:Creating environment descriptor '/home/gruen/Desktop/Mobile-Platform/software/install/robot_bringup/share/robot_bringup/hook/cmake_prefix_path.dsv'
[1.840s] INFO:colcon.colcon_core.shell:Creating environment hook '/home/gruen/Desktop/Mobile-Platform/software/install/robot_bringup/share/robot_bringup/hook/cmake_prefix_path.sh'
[1.840s] Level 1:colcon.colcon_core.environment:checking '/home/gruen/Desktop/Mobile-Platform/software/install/robot_bringup/bin'
[1.840s] Level 1:colcon.colcon_core.environment:checking '/home/gruen/Desktop/Mobile-Platform/software/install/robot_bringup/lib/pkgconfig/robot_bringup.pc'
[1.841s] Level 1:colcon.colcon_core.environment:checking '/home/gruen/Desktop/Mobile-Platform/software/install/robot_bringup/lib/python3.12/site-packages'
[1.841s] Level 1:colcon.colcon_core.environment:checking '/home/gruen/Desktop/Mobile-Platform/software/install/robot_bringup/bin'
[1.841s] INFO:colcon.colcon_core.shell:Creating package script '/home/gruen/Desktop/Mobile-Platform/software/install/robot_bringup/share/robot_bringup/package.ps1'
[1.842s] INFO:colcon.colcon_core.shell:Creating package descriptor '/home/gruen/Desktop/Mobile-Platform/software/install/robot_bringup/share/robot_bringup/package.dsv'
[1.842s] INFO:colcon.colcon_core.shell:Creating package script '/home/gruen/Desktop/Mobile-Platform/software/install/robot_bringup/share/robot_bringup/package.sh'
[1.842s] INFO:colcon.colcon_core.shell:Creating package script '/home/gruen/Desktop/Mobile-Platform/software/install/robot_bringup/share/robot_bringup/package.bash'
[1.843s] INFO:colcon.colcon_core.shell:Creating package script '/home/gruen/Desktop/Mobile-Platform/software/install/robot_bringup/share/robot_bringup/package.zsh'
[1.843s] Level 1:colcon.colcon_core.environment:create_file_with_runtime_dependencies(/home/gruen/Desktop/Mobile-Platform/software/install/robot_bringup/share/colcon-core/packages/robot_bringup)
[1.843s] Level 1:colcon.colcon_core.environment:create_environment_scripts_only(robot_bringup)
[1.843s] Level 1:colcon.colcon_core.environment:checking '/home/gruen/Desktop/Mobile-Platform/software/install/robot_bringup' for CMake module files
[1.844s] Level 1:colcon.colcon_core.environment:checking '/home/gruen/Desktop/Mobile-Platform/software/install/robot_bringup' for CMake config files
[1.844s] Level 1:colcon.colcon_core.shell:create_environment_hook('robot_bringup', 'cmake_prefix_path')
[1.844s] INFO:colcon.colcon_core.shell:Creating environment hook '/home/gruen/Desktop/Mobile-Platform/software/install/robot_bringup/share/robot_bringup/hook/cmake_prefix_path.ps1'
[1.845s] INFO:colcon.colcon_core.shell:Creating environment descriptor '/home/gruen/Desktop/Mobile-Platform/software/install/robot_bringup/share/robot_bringup/hook/cmake_prefix_path.dsv'
[1.845s] INFO:colcon.colcon_core.shell:Creating environment hook '/home/gruen/Desktop/Mobile-Platform/software/install/robot_bringup/share/robot_bringup/hook/cmake_prefix_path.sh'
[1.845s] Level 1:colcon.colcon_core.environment:checking '/home/gruen/Desktop/Mobile-Platform/software/install/robot_bringup/bin'
[1.845s] Level 1:colcon.colcon_core.environment:checking '/home/gruen/Desktop/Mobile-Platform/software/install/robot_bringup/lib/pkgconfig/robot_bringup.pc'
[1.846s] Level 1:colcon.colcon_core.environment:checking '/home/gruen/Desktop/Mobile-Platform/software/install/robot_bringup/lib/python3.12/site-packages'
[1.846s] Level 1:colcon.colcon_core.environment:checking '/home/gruen/Desktop/Mobile-Platform/software/install/robot_bringup/bin'
[1.846s] INFO:colcon.colcon_core.shell:Creating package script '/home/gruen/Desktop/Mobile-Platform/software/install/robot_bringup/share/robot_bringup/package.ps1'
[1.847s] INFO:colcon.colcon_core.shell:Creating package descriptor '/home/gruen/Desktop/Mobile-Platform/software/install/robot_bringup/share/robot_bringup/package.dsv'
[1.848s] INFO:colcon.colcon_core.shell:Creating package script '/home/gruen/Desktop/Mobile-Platform/software/install/robot_bringup/share/robot_bringup/package.sh'
[1.848s] INFO:colcon.colcon_core.shell:Creating package script '/home/gruen/Desktop/Mobile-Platform/software/install/robot_bringup/share/robot_bringup/package.bash'
[1.848s] INFO:colcon.colcon_core.shell:Creating package script '/home/gruen/Desktop/Mobile-Platform/software/install/robot_bringup/share/robot_bringup/package.zsh'
[1.849s] Level 1:colcon.colcon_core.environment:create_file_with_runtime_dependencies(/home/gruen/Desktop/Mobile-Platform/software/install/robot_bringup/share/colcon-core/packages/robot_bringup)
[2.237s] DEBUG:colcon.colcon_core.event_handler.log_command:Invoked command in '/home/gruen/Desktop/Mobile-Platform/software/build/robot_control' returned '0': CMAKE_PREFIX_PATH=${CMAKE_PREFIX_PATH}:/opt/ros/jazzy DEBUGINFOD_URLS=https://debuginfod.ubuntu.com /usr/bin/cmake /home/gruen/Desktop/Mobile-Platform/software/src/robot_control -DAMENT_CMAKE_SYMLINK_INSTALL=1 -DCMAKE_INSTALL_PREFIX=/home/gruen/Desktop/Mobile-Platform/software/install/robot_control
[2.239s] DEBUG:colcon.colcon_core.event_handler.log_command:Invoking command in '/home/gruen/Desktop/Mobile-Platform/software/build/robot_control': CMAKE_PREFIX_PATH=${CMAKE_PREFIX_PATH}:/opt/ros/jazzy DEBUGINFOD_URLS=https://debuginfod.ubuntu.com /usr/bin/cmake --build /home/gruen/Desktop/Mobile-Platform/software/build/robot_control -- -j24 -l24
[2.280s] DEBUG:colcon.colcon_core.event_handler.log_command:Invoked command in '/home/gruen/Desktop/Mobile-Platform/software/build/robot_control' returned '0': CMAKE_PREFIX_PATH=${CMAKE_PREFIX_PATH}:/opt/ros/jazzy DEBUGINFOD_URLS=https://debuginfod.ubuntu.com /usr/bin/cmake --build /home/gruen/Desktop/Mobile-Platform/software/build/robot_control -- -j24 -l24
[2.282s] DEBUG:colcon.colcon_core.event_handler.log_command:Invoking command in '/home/gruen/Desktop/Mobile-Platform/software/build/robot_control': CMAKE_PREFIX_PATH=${CMAKE_PREFIX_PATH}:/opt/ros/jazzy DEBUGINFOD_URLS=https://debuginfod.ubuntu.com /usr/bin/cmake --install /home/gruen/Desktop/Mobile-Platform/software/build/robot_control
[2.453s] Level 1:colcon.colcon_core.environment:create_environment_scripts_only(robot_control)
[2.454s] Level 1:colcon.colcon_core.environment:checking '/home/gruen/Desktop/Mobile-Platform/software/install/robot_control' for CMake module files
[2.454s] DEBUG:colcon.colcon_core.event_handler.log_command:Invoked command in '/home/gruen/Desktop/Mobile-Platform/software/build/robot_control' returned '0': CMAKE_PREFIX_PATH=${CMAKE_PREFIX_PATH}:/opt/ros/jazzy DEBUGINFOD_URLS=https://debuginfod.ubuntu.com /usr/bin/cmake --install /home/gruen/Desktop/Mobile-Platform/software/build/robot_control
[2.455s] Level 1:colcon.colcon_core.environment:checking '/home/gruen/Desktop/Mobile-Platform/software/install/robot_control' for CMake config files
[2.455s] Level 1:colcon.colcon_core.shell:create_environment_hook('robot_control', 'cmake_prefix_path')
[2.455s] INFO:colcon.colcon_core.shell:Creating environment hook '/home/gruen/Desktop/Mobile-Platform/software/install/robot_control/share/robot_control/hook/cmake_prefix_path.ps1'
[2.456s] INFO:colcon.colcon_core.shell:Creating environment descriptor '/home/gruen/Desktop/Mobile-Platform/software/install/robot_control/share/robot_control/hook/cmake_prefix_path.dsv'
[2.456s] INFO:colcon.colcon_core.shell:Creating environment hook '/home/gruen/Desktop/Mobile-Platform/software/install/robot_control/share/robot_control/hook/cmake_prefix_path.sh'
[2.457s] Level 1:colcon.colcon_core.environment:checking '/home/gruen/Desktop/Mobile-Platform/software/install/robot_control/bin'
[2.457s] Level 1:colcon.colcon_core.environment:checking '/home/gruen/Desktop/Mobile-Platform/software/install/robot_control/lib/pkgconfig/robot_control.pc'
[2.457s] Level 1:colcon.colcon_core.environment:checking '/home/gruen/Desktop/Mobile-Platform/software/install/robot_control/lib/python3.12/site-packages'
[2.457s] Level 1:colcon.colcon_core.environment:checking '/home/gruen/Desktop/Mobile-Platform/software/install/robot_control/bin'
[2.458s] INFO:colcon.colcon_core.shell:Creating package script '/home/gruen/Desktop/Mobile-Platform/software/install/robot_control/share/robot_control/package.ps1'
[2.458s] INFO:colcon.colcon_core.shell:Creating package descriptor '/home/gruen/Desktop/Mobile-Platform/software/install/robot_control/share/robot_control/package.dsv'
[2.458s] INFO:colcon.colcon_core.shell:Creating package script '/home/gruen/Desktop/Mobile-Platform/software/install/robot_control/share/robot_control/package.sh'
[2.458s] INFO:colcon.colcon_core.shell:Creating package script '/home/gruen/Desktop/Mobile-Platform/software/install/robot_control/share/robot_control/package.bash'
[2.459s] INFO:colcon.colcon_core.shell:Creating package script '/home/gruen/Desktop/Mobile-Platform/software/install/robot_control/share/robot_control/package.zsh'
[2.459s] Level 1:colcon.colcon_core.environment:create_file_with_runtime_dependencies(/home/gruen/Desktop/Mobile-Platform/software/install/robot_control/share/colcon-core/packages/robot_control)
[2.459s] Level 1:colcon.colcon_core.environment:create_environment_scripts_only(robot_control)
[2.459s] Level 1:colcon.colcon_core.environment:checking '/home/gruen/Desktop/Mobile-Platform/software/install/robot_control' for CMake module files
[2.460s] Level 1:colcon.colcon_core.environment:checking '/home/gruen/Desktop/Mobile-Platform/software/install/robot_control' for CMake config files
[2.460s] Level 1:colcon.colcon_core.shell:create_environment_hook('robot_control', 'cmake_prefix_path')
[2.460s] INFO:colcon.colcon_core.shell:Creating environment hook '/home/gruen/Desktop/Mobile-Platform/software/install/robot_control/share/robot_control/hook/cmake_prefix_path.ps1'
[2.460s] INFO:colcon.colcon_core.shell:Creating environment descriptor '/home/gruen/Desktop/Mobile-Platform/software/install/robot_control/share/robot_control/hook/cmake_prefix_path.dsv'
[2.460s] INFO:colcon.colcon_core.shell:Creating environment hook '/home/gruen/Desktop/Mobile-Platform/software/install/robot_control/share/robot_control/hook/cmake_prefix_path.sh'
[2.461s] Level 1:colcon.colcon_core.environment:checking '/home/gruen/Desktop/Mobile-Platform/software/install/robot_control/bin'
[2.461s] Level 1:colcon.colcon_core.environment:checking '/home/gruen/Desktop/Mobile-Platform/software/install/robot_control/lib/pkgconfig/robot_control.pc'
[2.461s] Level 1:colcon.colcon_core.environment:checking '/home/gruen/Desktop/Mobile-Platform/software/install/robot_control/lib/python3.12/site-packages'
[2.461s] Level 1:colcon.colcon_core.environment:checking '/home/gruen/Desktop/Mobile-Platform/software/install/robot_control/bin'
[2.462s] INFO:colcon.colcon_core.shell:Creating package script '/home/gruen/Desktop/Mobile-Platform/software/install/robot_control/share/robot_control/package.ps1'
[2.462s] INFO:colcon.colcon_core.shell:Creating package descriptor '/home/gruen/Desktop/Mobile-Platform/software/install/robot_control/share/robot_control/package.dsv'
[2.462s] INFO:colcon.colcon_core.shell:Creating package script '/home/gruen/Desktop/Mobile-Platform/software/install/robot_control/share/robot_control/package.sh'
[2.463s] INFO:colcon.colcon_core.shell:Creating package script '/home/gruen/Desktop/Mobile-Platform/software/install/robot_control/share/robot_control/package.bash'
[2.463s] INFO:colcon.colcon_core.shell:Creating package script '/home/gruen/Desktop/Mobile-Platform/software/install/robot_control/share/robot_control/package.zsh'
[2.463s] Level 1:colcon.colcon_core.environment:create_file_with_runtime_dependencies(/home/gruen/Desktop/Mobile-Platform/software/install/robot_control/share/colcon-core/packages/robot_control)
[2.463s] DEBUG:colcon.colcon_parallel_executor.executor.parallel:closing loop
[2.464s] DEBUG:colcon.colcon_parallel_executor.executor.parallel:loop closed
[2.464s] DEBUG:colcon.colcon_parallel_executor.executor.parallel:run_until_complete finished with '0'
[2.464s] DEBUG:colcon.colcon_core.event_reactor:joining thread
[2.471s] INFO:colcon.colcon_core.plugin_system:Skipping extension 'colcon_notification.desktop_notification.terminal_notifier': Not used on non-Darwin systems
[2.471s] INFO:colcon.colcon_core.plugin_system:Skipping extension 'colcon_notification.desktop_notification.win32': Not used on non-Windows systems
[2.471s] INFO:colcon.colcon_notification.desktop_notification:Sending desktop notification using 'notify2'
[2.493s] DEBUG:colcon.colcon_core.event_reactor:joined thread
[2.493s] INFO:colcon.colcon_core.shell:Creating prefix script '/home/gruen/Desktop/Mobile-Platform/software/install/local_setup.ps1'
[2.494s] INFO:colcon.colcon_core.shell:Creating prefix util module '/home/gruen/Desktop/Mobile-Platform/software/install/_local_setup_util_ps1.py'
[2.495s] INFO:colcon.colcon_core.shell:Creating prefix chain script '/home/gruen/Desktop/Mobile-Platform/software/install/setup.ps1'
[2.496s] INFO:colcon.colcon_core.shell:Creating prefix script '/home/gruen/Desktop/Mobile-Platform/software/install/local_setup.sh'
[2.496s] INFO:colcon.colcon_core.shell:Creating prefix util module '/home/gruen/Desktop/Mobile-Platform/software/install/_local_setup_util_sh.py'
[2.497s] INFO:colcon.colcon_core.shell:Creating prefix chain script '/home/gruen/Desktop/Mobile-Platform/software/install/setup.sh'
[2.498s] INFO:colcon.colcon_core.shell:Creating prefix script '/home/gruen/Desktop/Mobile-Platform/software/install/local_setup.bash'
[2.498s] INFO:colcon.colcon_core.shell:Creating prefix chain script '/home/gruen/Desktop/Mobile-Platform/software/install/setup.bash'
[2.499s] INFO:colcon.colcon_core.shell:Creating prefix script '/home/gruen/Desktop/Mobile-Platform/software/install/local_setup.zsh'
[2.499s] INFO:colcon.colcon_core.shell:Creating prefix chain script '/home/gruen/Desktop/Mobile-Platform/software/install/setup.zsh'
