[0.022s] Invoking command in '/home/gruen/Desktop/Mobile-Platform/software/build/robot_description': CMAKE_PREFIX_PATH=${CMAKE_PREFIX_PATH}:/opt/ros/jazzy DEBUGINFOD_URLS=https://debuginfod.ubuntu.com /usr/bin/cmake /home/gruen/Desktop/Mobile-Platform/software/src/robot_description -DAMENT_CMAKE_SYMLINK_INSTALL=1 -DCMAKE_INSTALL_PREFIX=/home/gruen/Desktop/Mobile-Platform/software/install/robot_description
[0.197s] -- The C compiler identification is GNU 13.3.0
[0.330s] -- The CXX compiler identification is GNU 13.3.0
[0.357s] -- Detecting C compiler ABI info
[0.494s] -- Detecting C compiler ABI info - done
[0.510s] -- Check for working C compiler: /usr/bin/cc - skipped
[0.510s] -- Detecting C compile features
[0.511s] -- Detecting C compile features - done
[0.522s] -- Detecting CXX compiler ABI info
[0.661s] -- Detecting CXX compiler ABI info - done
[0.673s] -- Check for working CXX compiler: /usr/bin/c++ - skipped
[0.673s] -- Detecting CXX compile features
[0.673s] -- Detecting CXX compile features - done
[0.678s] -- Found ament_cmake: 2.5.5 (/opt/ros/jazzy/share/ament_cmake/cmake)
[0.883s] -- Found Python3: /usr/bin/python3 (found version "3.12.3") found components: Interpreter 
[0.997s] -- Override CMake install command with custom implementation using symlinks instead of copying resources
[1.071s] -- Found ament_lint_auto: 0.17.4 (/opt/ros/jazzy/share/ament_lint_auto/cmake)
[1.228s] -- Added test 'lint_cmake' to check CMake code style
[1.230s] -- Added test 'xmllint' to check XML markup files
[1.232s] -- Configuring done (1.2s)
[1.235s] -- Generating done (0.0s)
[1.239s] -- Build files have been written to: /home/gruen/Desktop/Mobile-Platform/software/build/robot_description
[1.248s] Invoked command in '/home/gruen/Desktop/Mobile-Platform/software/build/robot_description' returned '0': CMAKE_PREFIX_PATH=${CMAKE_PREFIX_PATH}:/opt/ros/jazzy DEBUGINFOD_URLS=https://debuginfod.ubuntu.com /usr/bin/cmake /home/gruen/Desktop/Mobile-Platform/software/src/robot_description -DAMENT_CMAKE_SYMLINK_INSTALL=1 -DCMAKE_INSTALL_PREFIX=/home/gruen/Desktop/Mobile-Platform/software/install/robot_description
[1.249s] Invoking command in '/home/gruen/Desktop/Mobile-Platform/software/build/robot_description': CMAKE_PREFIX_PATH=${CMAKE_PREFIX_PATH}:/opt/ros/jazzy DEBUGINFOD_URLS=https://debuginfod.ubuntu.com /usr/bin/cmake --build /home/gruen/Desktop/Mobile-Platform/software/build/robot_description -- -j24 -l24
[1.318s] Invoked command in '/home/gruen/Desktop/Mobile-Platform/software/build/robot_description' returned '0': CMAKE_PREFIX_PATH=${CMAKE_PREFIX_PATH}:/opt/ros/jazzy DEBUGINFOD_URLS=https://debuginfod.ubuntu.com /usr/bin/cmake --build /home/gruen/Desktop/Mobile-Platform/software/build/robot_description -- -j24 -l24
[1.319s] Invoking command in '/home/gruen/Desktop/Mobile-Platform/software/build/robot_description': CMAKE_PREFIX_PATH=${CMAKE_PREFIX_PATH}:/opt/ros/jazzy DEBUGINFOD_URLS=https://debuginfod.ubuntu.com /usr/bin/cmake --install /home/gruen/Desktop/Mobile-Platform/software/build/robot_description
[1.330s] -- Install configuration: ""
[1.332s] -- Execute custom install script
[1.332s] -- Symlinking: /home/gruen/Desktop/Mobile-Platform/software/install/robot_description/share/ament_index/resource_index/package_run_dependencies/robot_description
[1.342s] -- Symlinking: /home/gruen/Desktop/Mobile-Platform/software/install/robot_description/share/ament_index/resource_index/parent_prefix_path/robot_description
[1.352s] -- Symlinking: /home/gruen/Desktop/Mobile-Platform/software/install/robot_description/share/robot_description/environment/ament_prefix_path.sh
[1.364s] -- Symlinking: /home/gruen/Desktop/Mobile-Platform/software/install/robot_description/share/robot_description/environment/ament_prefix_path.dsv
[1.374s] -- Symlinking: /home/gruen/Desktop/Mobile-Platform/software/install/robot_description/share/robot_description/environment/path.sh
[1.384s] -- Symlinking: /home/gruen/Desktop/Mobile-Platform/software/install/robot_description/share/robot_description/environment/path.dsv
[1.398s] -- Symlinking: /home/gruen/Desktop/Mobile-Platform/software/install/robot_description/share/robot_description/local_setup.bash
[1.409s] -- Symlinking: /home/gruen/Desktop/Mobile-Platform/software/install/robot_description/share/robot_description/local_setup.sh
[1.421s] -- Symlinking: /home/gruen/Desktop/Mobile-Platform/software/install/robot_description/share/robot_description/local_setup.zsh
[1.434s] -- Symlinking: /home/gruen/Desktop/Mobile-Platform/software/install/robot_description/share/robot_description/local_setup.dsv
[1.445s] -- Symlinking: /home/gruen/Desktop/Mobile-Platform/software/install/robot_description/share/robot_description/package.dsv
[1.456s] -- Symlinking: /home/gruen/Desktop/Mobile-Platform/software/install/robot_description/share/ament_index/resource_index/packages/robot_description
[1.466s] -- Symlinking: /home/gruen/Desktop/Mobile-Platform/software/install/robot_description/share/robot_description/cmake/robot_descriptionConfig.cmake
[1.476s] -- Symlinking: /home/gruen/Desktop/Mobile-Platform/software/install/robot_description/share/robot_description/cmake/robot_descriptionConfig-version.cmake
[1.489s] -- Symlinking: /home/gruen/Desktop/Mobile-Platform/software/install/robot_description/share/robot_description/package.xml
[1.506s] Invoked command in '/home/gruen/Desktop/Mobile-Platform/software/build/robot_description' returned '0': CMAKE_PREFIX_PATH=${CMAKE_PREFIX_PATH}:/opt/ros/jazzy DEBUGINFOD_URLS=https://debuginfod.ubuntu.com /usr/bin/cmake --install /home/gruen/Desktop/Mobile-Platform/software/build/robot_description
