Solid Edge-Konvertierung in OBJ
Datum: Freitag,Mai 29,2026 12:55
Ausgabedatei: C:\Users\Gruen\git_projects\Mobile-Platform\3d-print\3D-Model\Basic_assembly.obj
Autor: Unbekannt
Organisation: Unbekannt
Ausgangssystem: SOLID EDGE

Hardware:
Prozessor: AMD Ryzen 9 7900X3D 12-Core Processor          
Betriebssystem: Windows 10 Professional
Installierter Speicher: 31.20 GB

Software-Informationen:
Parasolid-Version: 38.0.150
PSBodyshop-Version: 38.0.111
OBJ-Adapter-Version: 1700.0.0
Solid Edge-Version: 226.00.01.004 x64

OBJ-Exportoptionen:
Konstruktionsvolumen exportieren: Aus
Angezeigte Teile exportieren: Aus
Konstruktionsbleche exportieren: Aus
Protokollierung aktivieren:Ein
Texturen exportieren: Aus
Reduzierte Baugruppe exportieren:On
Konstruktionsvolumenkörper und -flächen exportieren, wenn Entwurfskörper nicht vorhanden sind: Aus
Einheiten exportieren:Millimeters
Toleranzwert exportieren:1.250000
Toleranztyp exportieren:Custom
Flächenplanwinkelwert exportieren:0.523599

Konvertierungsfortschritt:
Konvertierungsvorgang ist abgeschlossen
Zum Konvertieren benötigte Zeit:00 : 00 : 00
